<?xml version="1.0" encoding="UTF-8"?>
<!-- Generated by org.testng.reporters.JUnitXMLReporter -->
<testsuite ignored="0" hostname="DESKTOP-NJ97IE9" failures="0" tests="6" name="TestGroupDemo" time="0.019" errors="0" timestamp="2024-08-22T15:32:44 IST">
  <testcase classname="Demo.GroupDemo" name="test1" time="0.0"/>
  <testcase classname="Demo.GroupDemo" name="test2" time="0.001"/>
  <testcase classname="Demo.GroupDemo" name="test3" time="0.002"/>
  <testcase classname="Demo.GroupDemo" name="test4" time="0.001"/>
  <testcase classname="Demo.GroupDemo" name="test5" time="0.0"/>
  <testcase classname="Demo.GroupDemo" name="test6" time="0.002"/>
</testsuite> <!-- TestGroupDemo -->
