<?xml version="1.0" encoding="UTF-8"?>
<!-- Generated by org.testng.reporters.JUnitXMLReporter -->
<testsuite ignored="0" hostname="DESKTOP-NJ97IE9" failures="1" tests="5" name="Test" time="7.967" errors="0" timestamp="2024-09-18T16:29:26 IST">
  <testcase classname="Demo.TestClass" name="testMethod1" time="0.011"/>
  <testcase classname="Demo.TestClass" name="testMethod2" time="0.002"/>
  <testcase classname="Demo.TestClass" name="testMethod3" time="0.008">
    <failure type="java.lang.AssertionError" message="expected [true] but found [false]">
      <![CDATA[java.lang.AssertionError: expected [true] but found [false]
at Demo.TestClass.testMethod3(TestClass.java:27)
at java.base/java.util.ArrayList.forEach(ArrayList.java:1596)
... Removed 29 stack frames]]>
    </failure>
  </testcase> <!-- testMethod3 -->
  <testcase classname="Demo.AssertionExample" name="verifyGoogleImageIsDisplayed" time="0.041"/>
  <testcase classname="Demo.AssertionExample" name="verifyPageTitle" time="0.007"/>
</testsuite> <!-- Test -->
