<?xml version="1.0" encoding="UTF-8"?>
<robot generator="Robot 7.1.1 (Python 3.9.6 on darwin)" generated="2025-11-28T18:58:40.732896" rpa="false" schemaversion="5">
<suite id="s1" name="Test" source="/Users/chandramani/PycharmProjects/PROJECT_2025/ROBOT_2025/TESTS/test.robot">
<kw name="Create Session" owner="RequestsLibrary" type="SETUP">
<msg time="2025-11-28T18:58:40.969900" level="INFO">Creating Session using : alias=api, url=https://api.restful-api.dev, headers={},                     cookies={}, auth=None, timeout=None, proxies=None, verify=False,                     debug=0 </msg>
<arg>api</arg>
<arg>https://api.restful-api.dev</arg>
<doc>Create Session: create a HTTP session to a server</doc>
<status status="PASS" start="2025-11-28T18:58:40.969801" elapsed="0.000238"/>
</kw>
<test id="s1-t1" name="TC_01 Get Multiple Objects" line="13">
<kw name="Get Request" owner="RequestsLibrary">
<msg time="2025-11-28T18:58:40.970413" level="WARN">Keyword 'RequestsLibrary.Get Request' is deprecated. Please use `GET On Session` instead.</msg>
<msg time="2025-11-28T18:58:42.968277" level="INFO">GET Request : url=https://api.restful-api.dev/objects?id=3&amp;id=5&amp;id=10 
 path_url=/objects?id=3&amp;id=5&amp;id=10 
 headers={'User-Agent': 'python-requests/2.32.3', 'Accept-Encoding': 'gzip, deflate', 'Accept': '*/*', 'Connection': 'keep-alive'} 
 body=None 
 </msg>
<msg time="2025-11-28T18:58:42.968841" level="INFO">GET Response : url=https://api.restful-api.dev/objects?id=3&amp;id=5&amp;id=10 
 status=200, reason=OK 
 headers={'Date': 'Fri, 28 Nov 2025 13:28:42 GMT', 'Content-Type': 'application/json', 'Transfer-Encoding': 'chunked', 'Connection': 'keep-alive', 'Server': 'cloudflare', 'Nel': '{"report_to":"cf-nel","success_fraction":0.0,"max_age":604800}', 'Vary': 'Origin, Access-Control-Request-Method, Access-Control-Request-Headers', 'cf-cache-status': 'DYNAMIC', 'Report-To': '{"group":"cf-nel","max_age":604800,"endpoints":[{"url":"https://a.nel.cloudflare.com/report/v4?s=WFcY1uB00kqHYMl%2Bm8F5%2F4wAb8kYItpKa0gjKZpa9qBHkRldfIZnmSb%2F66PyTXTtNtxHgeUKsqG5Zhq%2FEWZ%2BUbJUFsZKUEF0ikJNZ8IvfG6ghA%2BfRAH0JYCv0dIwC5k%3D"}]}', 'Content-Encoding': 'gzip', 'CF-RAY': '9a5a35bcbff34aaf-MRS', 'alt-svc': 'h3=":443"; ma=86400'} 
 body=[{"id":"3","name":"Apple iPhone 12 Pro Max","data":{"color":"Cloudy White","capacity GB":512}},{"id":"5","name":"Samsung Galaxy Z Fold2","data":{"price":689.99,"color":"Brown"}},{"id":"10","name":"Apple iPad Mini 5th Gen","data":{"Capacity":"64 GB","Screen size":7.9}}] 
 </msg>
<msg time="2025-11-28T18:58:42.969136" level="INFO">/Users/chandramani/Testing Mac/.venv/lib/python3.9/site-packages/urllib3/connectionpool.py:1097: InsecureRequestWarning: Unverified HTTPS request is being made to host 'api.restful-api.dev'. Adding certificate verification is strongly advised. See: https://urllib3.readthedocs.io/en/latest/advanced-usage.html#tls-warnings
  warnings.warn(</msg>
<msg time="2025-11-28T18:58:42.969612" level="INFO">${response} = &lt;Response [200]&gt;</msg>
<var>${response}</var>
<arg>api</arg>
<arg>/objects?id=3&amp;id=5&amp;id=10</arg>
<doc>*DEPRECATED* Please use `GET On Session` instead.</doc>
<status status="PASS" start="2025-11-28T18:58:40.970397" elapsed="1.999272"/>
</kw>
<kw name="Status Should Be" owner="RequestsLibrary">
<arg>200</arg>
<arg>${response}</arg>
<doc>Fails if response status code is different than the expected.</doc>
<status status="PASS" start="2025-11-28T18:58:42.970258" elapsed="0.000815"/>
</kw>
<kw name="Log To Console" owner="BuiltIn">
<arg>${response.text}</arg>
<doc>Logs the given message to the console.</doc>
<status status="PASS" start="2025-11-28T18:58:42.971417" elapsed="0.001027"/>
</kw>
<doc>Validate GET Objects by multiple IDs</doc>
<status status="PASS" start="2025-11-28T18:58:40.970113" elapsed="2.003609"/>
</test>
<test id="s1-t2" name="TC_02 Create New Object (POST)" line="19">
<kw name="Create Dictionary" owner="BuiltIn">
<msg time="2025-11-28T18:58:42.976966" level="FAIL">Resolving variable '${{"year":2019,"price":1849.99,"CPU model":"Intel Core i9","Hard disk size":"1 TB"}}' failed: Evaluating expression '"year":2019,"price":1849.99,"CPU model":"Intel Core i9","Hard disk size":"1 TB"' failed: SyntaxError: invalid syntax (&lt;string&gt;, line 1)</msg>
<var>${body}</var>
<arg>name=Apple MacBook Pro 16</arg>
<arg>data=${{"year":2019,"price":1849.99,"CPU model":"Intel Core i9","Hard disk size":"1 TB"}}</arg>
<doc>Creates and returns a dictionary based on the given ``items``.</doc>
<status status="FAIL" start="2025-11-28T18:58:42.975673" elapsed="0.001442">Resolving variable '${{"year":2019,"price":1849.99,"CPU model":"Intel Core i9","Hard disk size":"1 TB"}}' failed: Evaluating expression '"year":2019,"price":1849.99,"CPU model":"Intel Core i9","Hard disk size":"1 TB"' failed: SyntaxError: invalid syntax (&lt;string&gt;, line 1)</status>
</kw>
<kw name="Post Request" owner="RequestsLibrary">
<msg time="2025-11-28T18:58:42.977671" level="WARN">Keyword 'RequestsLibrary.Post Request' is deprecated. Please use `POST On Session` instead.</msg>
<var>${response}</var>
<arg>api</arg>
<arg>/objects</arg>
<arg>json=${body}</arg>
<doc>*DEPRECATED* Please use `POST On Session` instead.</doc>
<status status="NOT RUN" start="2025-11-28T18:58:42.977623" elapsed="0.000210"/>
</kw>
<kw name="Status Should Be" owner="RequestsLibrary">
<arg>200</arg>
<arg>${response}</arg>
<doc>Fails if response status code is different than the expected.</doc>
<status status="NOT RUN" start="2025-11-28T18:58:42.978070" elapsed="0.000034"/>
</kw>
<kw name="To Json" owner="RequestsLibrary">
<msg time="2025-11-28T18:58:42.978648" level="WARN">Keyword 'RequestsLibrary.To Json' is deprecated. Please use ${resp.json()} instead. Have a look at the improved HTML output as pretty printing replacement.</msg>
<var>${json}</var>
<arg>${response.text}</arg>
<doc>*DEPRECATED* Please use ${resp.json()} instead. Have a look at the improved HTML output as pretty printing replacement.</doc>
<status status="NOT RUN" start="2025-11-28T18:58:42.978568" elapsed="0.000298"/>
</kw>
<kw name="Get From Dictionary" owner="Collections">
<var>${created_id}</var>
<arg>${json}</arg>
<arg>id</arg>
<doc>Returns a value from the given ``dictionary`` based on the given ``key``.</doc>
<status status="NOT RUN" start="2025-11-28T18:58:42.979134" elapsed="0.000035"/>
</kw>
<kw name="Set Suite Variable" owner="BuiltIn">
<arg>${OBJECT_ID}</arg>
<arg>${created_id}</arg>
<doc>Makes a variable available everywhere within the scope of the current suite.</doc>
<status status="NOT RUN" start="2025-11-28T18:58:42.979403" elapsed="0.000083"/>
</kw>
<kw name="Log To Console" owner="BuiltIn">
<arg>Created Object ID: ${OBJECT_ID}</arg>
<doc>Logs the given message to the console.</doc>
<status status="NOT RUN" start="2025-11-28T18:58:42.979767" elapsed="0.000039"/>
</kw>
<doc>Create an object and store ID for further requests</doc>
<status status="FAIL" start="2025-11-28T18:58:42.974307" elapsed="0.005822">Resolving variable '${{"year":2019,"price":1849.99,"CPU model":"Intel Core i9","Hard disk size":"1 TB"}}' failed: Evaluating expression '"year":2019,"price":1849.99,"CPU model":"Intel Core i9","Hard disk size":"1 TB"' failed: SyntaxError: invalid syntax (&lt;string&gt;, line 1)</status>
</test>
<test id="s1-t3" name="TC_03 Update Object (PUT)" line="31">
<kw name="Create Dictionary" owner="BuiltIn">
<msg time="2025-11-28T18:58:42.982397" level="FAIL">Resolving variable '${{"year":2019,"price":2049.99,"CPU model":"Intel Core i9","Hard disk size":"1 TB","color":"silver"}}' failed: Evaluating expression '"year":2019,"price":2049.99,"CPU model":"Intel Core i9","Hard disk size":"1 TB","color":"silver"' failed: SyntaxError: invalid syntax (&lt;string&gt;, line 1)</msg>
<var>${body}</var>
<arg>name=Apple MacBook Pro 16</arg>
<arg>data=${{"year":2019,"price":2049.99,"CPU model":"Intel Core i9","Hard disk size":"1 TB","color":"silver"}}</arg>
<doc>Creates and returns a dictionary based on the given ``items``.</doc>
<status status="FAIL" start="2025-11-28T18:58:42.981415" elapsed="0.001059">Resolving variable '${{"year":2019,"price":2049.99,"CPU model":"Intel Core i9","Hard disk size":"1 TB","color":"silver"}}' failed: Evaluating expression '"year":2019,"price":2049.99,"CPU model":"Intel Core i9","Hard disk size":"1 TB","color":"silver"' failed: SyntaxError: invalid syntax (&lt;string&gt;, line 1)</status>
</kw>
<kw name="Put Request" owner="RequestsLibrary">
<msg time="2025-11-28T18:58:42.982958" level="WARN">Keyword 'RequestsLibrary.Put Request' is deprecated. Please use `PUT On Session` instead.</msg>
<var>${response}</var>
<arg>api</arg>
<arg>/objects/${OBJECT_ID}</arg>
<arg>json=${body}</arg>
<doc>*DEPRECATED* Please use `PUT On Session` instead.</doc>
<status status="NOT RUN" start="2025-11-28T18:58:42.982914" elapsed="0.000187"/>
</kw>
<kw name="Status Should Be" owner="RequestsLibrary">
<arg>200</arg>
<arg>${response}</arg>
<doc>Fails if response status code is different than the expected.</doc>
<status status="NOT RUN" start="2025-11-28T18:58:42.983330" elapsed="0.000035"/>
</kw>
<kw name="Log To Console" owner="BuiltIn">
<arg>${response.text}</arg>
<doc>Logs the given message to the console.</doc>
<status status="NOT RUN" start="2025-11-28T18:58:42.983829" elapsed="0.000096"/>
</kw>
<doc>Update created object and verify response</doc>
<status status="FAIL" start="2025-11-28T18:58:42.980537" elapsed="0.004126">Resolving variable '${{"year":2019,"price":2049.99,"CPU model":"Intel Core i9","Hard disk size":"1 TB","color":"silver"}}' failed: Evaluating expression '"year":2019,"price":2049.99,"CPU model":"Intel Core i9","Hard disk size":"1 TB","color":"silver"' failed: SyntaxError: invalid syntax (&lt;string&gt;, line 1)</status>
</test>
<test id="s1-t4" name="TC_04 Partially Update Object (PATCH)" line="40">
<kw name="Create Dictionary" owner="BuiltIn">
<msg time="2025-11-28T18:58:42.985805" level="INFO">${body} = {'name': 'Apple MacBook Pro 14 (Updated Name)'}</msg>
<var>${body}</var>
<arg>name=Apple MacBook Pro 14 (Updated Name)</arg>
<doc>Creates and returns a dictionary based on the given ``items``.</doc>
<status status="PASS" start="2025-11-28T18:58:42.985529" elapsed="0.000311"/>
</kw>
<kw name="Patch Request" owner="RequestsLibrary">
<msg time="2025-11-28T18:58:42.986049" level="WARN">Keyword 'RequestsLibrary.Patch Request' is deprecated. Please use `PATCH On Session` instead.</msg>
<msg time="2025-11-28T18:58:50.862331" level="INFO">PATCH Request : url=https://api.restful-api.dev/objects/ 
 path_url=/objects/ 
 headers={'User-Agent': 'python-requests/2.32.3', 'Accept-Encoding': 'gzip, deflate', 'Accept': '*/*', 'Connection': 'keep-alive', 'Content-Length': '47', 'Content-Type': 'application/json'} 
 body=b'{"name": "Apple MacBook Pro 14 (Updated Name)"}' 
 </msg>
<msg time="2025-11-28T18:58:50.862667" level="INFO">PATCH Response : url=https://api.restful-api.dev/objects/ 
 status=200, reason=OK 
 headers={'Date': 'Fri, 28 Nov 2025 13:28:50 GMT', 'Content-Type': 'text/plain;charset=UTF-8', 'Transfer-Encoding': 'chunked', 'Connection': 'keep-alive', 'Server': 'cloudflare', 'Nel': '{"report_to":"cf-nel","success_fraction":0.0,"max_age":604800}', 'Vary': 'Origin, Access-Control-Request-Method, Access-Control-Request-Headers', 'cf-cache-status': 'DYNAMIC', 'Report-To': '{"group":"cf-nel","max_age":604800,"endpoints":[{"url":"https://a.nel.cloudflare.com/report/v4?s=2HE47dQOEbaAh0XShZZkYxAHgSZW%2F5Wbpi2IXnjgvfF1cCRlu133VXI43mDwrTw7imvlvUE0IFXjQI%2FuFx%2Bj5whjTIWJLoOcumNrCEGfSM%2FldV3V0%2FYlh4wvuxF78To%3D"}]}', 'Content-Encoding': 'gzip', 'CF-RAY': '9a5a35c529374aaf-MRS', 'alt-svc': 'h3=":443"; ma=86400'} 
 body=Hello world from Spring Boot 
 </msg>
<msg time="2025-11-28T18:58:50.862888" level="INFO">/Users/chandramani/Testing Mac/.venv/lib/python3.9/site-packages/urllib3/connectionpool.py:1097: InsecureRequestWarning: Unverified HTTPS request is being made to host 'api.restful-api.dev'. Adding certificate verification is strongly advised. See: https://urllib3.readthedocs.io/en/latest/advanced-usage.html#tls-warnings
  warnings.warn(</msg>
<msg time="2025-11-28T18:58:50.863340" level="INFO">${response} = &lt;Response [200]&gt;</msg>
<var>${response}</var>
<arg>api</arg>
<arg>/objects/${OBJECT_ID}</arg>
<arg>json=${body}</arg>
<doc>*DEPRECATED* Please use `PATCH On Session` instead.</doc>
<status status="PASS" start="2025-11-28T18:58:42.986019" elapsed="7.877411"/>
</kw>
<kw name="Status Should Be" owner="RequestsLibrary">
<arg>200</arg>
<arg>${response}</arg>
<doc>Fails if response status code is different than the expected.</doc>
<status status="PASS" start="2025-11-28T18:58:50.864234" elapsed="0.000746"/>
</kw>
<kw name="Log To Console" owner="BuiltIn">
<arg>${response.text}</arg>
<doc>Logs the given message to the console.</doc>
<status status="PASS" start="2025-11-28T18:58:50.865374" elapsed="0.001569"/>
</kw>
<doc>Update only name using PATCH</doc>
<status status="PASS" start="2025-11-28T18:58:42.985032" elapsed="7.882306"/>
</test>
<test id="s1-t5" name="TC_05 Delete Object (DELETE)" line="47">
<kw name="Delete Request" owner="RequestsLibrary">
<msg time="2025-11-28T18:58:50.869171" level="WARN">Keyword 'RequestsLibrary.Delete Request' is deprecated. Please use `DELETE On Session` instead.</msg>
<msg time="2025-11-28T18:58:51.607052" level="INFO">DELETE Request : url=https://api.restful-api.dev/objects/ 
 path_url=/objects/ 
 headers={'User-Agent': 'python-requests/2.32.3', 'Accept-Encoding': 'gzip, deflate', 'Accept': '*/*', 'Connection': 'keep-alive', 'Content-Length': '0'} 
 body=None 
 </msg>
<msg time="2025-11-28T18:58:51.607405" level="INFO">DELETE Response : url=https://api.restful-api.dev/objects/ 
 status=200, reason=OK 
 headers={'Date': 'Fri, 28 Nov 2025 13:28:51 GMT', 'Content-Type': 'text/plain;charset=UTF-8', 'Transfer-Encoding': 'chunked', 'Connection': 'keep-alive', 'Server': 'cloudflare', 'Nel': '{"report_to":"cf-nel","success_fraction":0.0,"max_age":604800}', 'Vary': 'Origin, Access-Control-Request-Method, Access-Control-Request-Headers', 'cf-cache-status': 'DYNAMIC', 'Report-To': '{"group":"cf-nel","max_age":604800,"endpoints":[{"url":"https://a.nel.cloudflare.com/report/v4?s=sA294aKruubqhSek67dIiR8sxnOthNM0%2BzvecZZ3wJ0fC%2BSFs1ai4%2B6lEXJsPXwr6AmtpcymhpF0qv%2Bp8xJBmXTGKY9fwF6Y99WuqQXkQxacxlu42gWXX4jJZjJaY2Q%3D"}]}', 'Content-Encoding': 'gzip', 'CF-RAY': '9a5a35f67eec4aaf-MRS', 'alt-svc': 'h3=":443"; ma=86400'} 
 body=Hello world from Spring Boot 
 </msg>
<msg time="2025-11-28T18:58:51.607646" level="INFO">/Users/chandramani/Testing Mac/.venv/lib/python3.9/site-packages/urllib3/connectionpool.py:1097: InsecureRequestWarning: Unverified HTTPS request is being made to host 'api.restful-api.dev'. Adding certificate verification is strongly advised. See: https://urllib3.readthedocs.io/en/latest/advanced-usage.html#tls-warnings
  warnings.warn(</msg>
<msg time="2025-11-28T18:58:51.608034" level="INFO">${response} = &lt;Response [200]&gt;</msg>
<var>${response}</var>
<arg>api</arg>
<arg>/objects/${OBJECT_ID}</arg>
<doc>*DEPRECATED* Please use `DELETE On Session` instead.</doc>
<status status="PASS" start="2025-11-28T18:58:50.869022" elapsed="0.739077"/>
</kw>
<kw name="Status Should Be" owner="RequestsLibrary">
<arg>200</arg>
<arg>${response}</arg>
<doc>Fails if response status code is different than the expected.</doc>
<status status="PASS" start="2025-11-28T18:58:51.609199" elapsed="0.000768"/>
</kw>
<kw name="Log To Console" owner="BuiltIn">
<arg>Deleted ID: ${OBJECT_ID}</arg>
<doc>Logs the given message to the console.</doc>
<status status="PASS" start="2025-11-28T18:58:51.610355" elapsed="0.000346"/>
</kw>
<doc>Delete object by ID</doc>
<status status="PASS" start="2025-11-28T18:58:50.867812" elapsed="0.743189"/>
</test>
<status status="FAIL" start="2025-11-28T18:58:40.734006" elapsed="10.878189"/>
</suite>
<statistics>
<total>
<stat pass="3" fail="2" skip="0">All Tests</stat>
</total>
<tag>
</tag>
<suite>
<stat pass="3" fail="2" skip="0" id="s1" name="Test">Test</stat>
</suite>
</statistics>
<errors>
<msg time="2025-11-28T18:58:40.970413" level="WARN">Keyword 'RequestsLibrary.Get Request' is deprecated. Please use `GET On Session` instead.</msg>
<msg time="2025-11-28T18:58:42.977671" level="WARN">Keyword 'RequestsLibrary.Post Request' is deprecated. Please use `POST On Session` instead.</msg>
<msg time="2025-11-28T18:58:42.978648" level="WARN">Keyword 'RequestsLibrary.To Json' is deprecated. Please use ${resp.json()} instead. Have a look at the improved HTML output as pretty printing replacement.</msg>
<msg time="2025-11-28T18:58:42.982958" level="WARN">Keyword 'RequestsLibrary.Put Request' is deprecated. Please use `PUT On Session` instead.</msg>
<msg time="2025-11-28T18:58:42.986049" level="WARN">Keyword 'RequestsLibrary.Patch Request' is deprecated. Please use `PATCH On Session` instead.</msg>
<msg time="2025-11-28T18:58:50.869171" level="WARN">Keyword 'RequestsLibrary.Delete Request' is deprecated. Please use `DELETE On Session` instead.</msg>
</errors>
</robot>
