<?xml version="1.0" encoding="UTF-8"?>
<!-- Generated by org.testng.reporters.JUnitXMLReporter -->
<testsuite ignored="0" hostname="DESKTOP-NJ97IE9" failures="0" tests="6" name="FuncTest" time="0.061" errors="0" timestamp="2024-08-09T17:27:16 IST">
  <testcase classname="Demo.FirstTestCase" name="setup" time="0.01"/>
  <testcase classname="Demo.FirstTestCase" name="login" time="0.001"/>
  <testcase classname="Demo.FirstTestCase" name="close" time="0.002"/>
  <testcase classname="Demo.SecondTestCase" name="testMethod1" time="0.001"/>
  <testcase classname="Demo.SecondTestCase" name="testMethod2" time="0.002"/>
  <testcase classname="Demo.SecondTestCase" name="testMethod3" time="0.0"/>
</testsuite> <!-- FuncTest -->
