<?xml version="1.0" encoding="UTF-8"?>
<!-- Generated by org.testng.reporters.JUnitXMLReporter -->
<testsuite ignored="0" hostname="DESKTOP-NJ97IE9" failures="0" tests="4" name="Default test" time="8.035" errors="0" timestamp="2023-08-28T15:36:28 IST">
  <testcase classname="api.testcases.UserTest2" name="testCreateUser" time="2.805"/>
  <testcase classname="api.testcases.UserTest2" name="testGetUserData" time="1.127"/>
  <testcase classname="api.testcases.UserTest2" name="testUpdateUser" time="2.313"/>
  <testcase classname="api.testcases.UserTest2" name="testDeleteUser" time="1.149"/>
</testsuite> <!-- Default test -->
