<?xml version="1.0" encoding="UTF-8"?>
<!-- Generated by org.testng.reporters.JUnitXMLReporter -->
<testsuite ignored="0" hostname="DESKTOP-NJ97IE9" failures="0" tests="4" name="Test" time="9.647" errors="0" timestamp="2023-09-02T12:03:40 IST">
  <testcase classname="api.testcases.UserTest" name="testCreateUser" time="3.016"/>
  <testcase classname="api.testcases.UserTest" name="testGetUserData" time="1.444"/>
  <testcase classname="api.testcases.UserTest" name="testUpdateUser" time="2.91"/>
  <testcase classname="api.testcases.UserTest" name="testDeleteUser" time="1.488"/>
</testsuite> <!-- Test -->
