<?xml version="1.0" encoding="UTF-8"?>
<!-- Generated by org.testng.reporters.JUnitXMLReporter -->
<testsuite ignored="0" hostname="DESKTOP-NJ97IE9" failures="0" tests="4" name="Test" time="7.95" errors="0" timestamp="2023-09-01T17:02:07 IST">
  <testcase classname="api.testcases.UserTest" name="testCreateUser" time="2.457"/>
  <testcase classname="api.testcases.UserTest" name="testGetUserData" time="1.218"/>
  <testcase classname="api.testcases.UserTest" name="testUpdateUser" time="2.374"/>
  <testcase classname="api.testcases.UserTest" name="testDeleteUser" time="1.115"/>
</testsuite> <!-- Test -->
