<?xml version="1.0" encoding="UTF-8"?>
<!-- Generated by org.testng.reporters.JUnitXMLReporter -->
<testsuite ignored="2" hostname="DESKTOP-NJ97IE9" failures="0" tests="1" name="Test(failed)(failed)" time="0.051" errors="0" timestamp="2024-08-11T16:33:12 IST">
  <testcase classname="Demo.SecondTestCase" name="testMethod1" time="0.009"/>
  <testcase classname="Demo.SecondTestCase" name="testMethod3" time="0.0">
    <ignored/>
  </testcase> <!-- testMethod3 -->
  <testcase classname="Demo.SecondTestCase" name="testMethod2" time="0.0">
    <ignored/>
  </testcase> <!-- testMethod2 -->
</testsuite> <!-- Test(failed)(failed) -->
