<?xml version="1.0" encoding="UTF-8"?>
<testng-results ignored="0" total="2" passed="2" failed="0" skipped="0">
  <reporter-output>
  </reporter-output>
  <suite started-at="2024-02-20T13:22:55 IST" name="Default suite" finished-at="2024-02-20T13:23:22 IST" duration-ms="26576">
    <groups>
    </groups>
    <test started-at="2024-02-20T13:22:55 IST" name="Default test" finished-at="2024-02-20T13:23:22 IST" duration-ms="26576">
      <class name="tests.SearchTest">
        <test-method is-config="true" signature="setupReport()[pri:0, instance:tests.SearchTest@62150f9e]" started-at="2024-02-20T13:22:55 IST" name="setupReport" finished-at="2024-02-20T13:22:55 IST" duration-ms="228" status="PASS">
          <reporter-output>
          </reporter-output>
        </test-method> <!-- setupReport -->
        <test-method is-config="true" signature="setup()[pri:0, instance:tests.SearchTest@62150f9e]" started-at="2024-02-20T13:22:55 IST" name="setup" finished-at="2024-02-20T13:23:03 IST" duration-ms="7862" status="PASS">
          <reporter-output>
          </reporter-output>
        </test-method> <!-- setup -->
        <test-method signature="test1()[pri:0, instance:tests.SearchTest@62150f9e]" started-at="2024-02-20T13:23:03 IST" name="test1" finished-at="2024-02-20T13:23:11 IST" duration-ms="7942" status="PASS">
          <reporter-output>
          </reporter-output>
        </test-method> <!-- test1 -->
        <test-method signature="test2()[pri:0, instance:tests.SearchTest@62150f9e]" started-at="2024-02-20T13:23:11 IST" name="test2" finished-at="2024-02-20T13:23:21 IST" duration-ms="9767" status="PASS">
          <reporter-output>
          </reporter-output>
        </test-method> <!-- test2 -->
        <test-method is-config="true" signature="tearDown()[pri:0, instance:tests.SearchTest@62150f9e]" started-at="2024-02-20T13:23:21 IST" name="tearDown" finished-at="2024-02-20T13:23:22 IST" duration-ms="982" status="PASS">
          <reporter-output>
          </reporter-output>
        </test-method> <!-- tearDown -->
        <test-method is-config="true" signature="teardownReport()[pri:0, instance:tests.SearchTest@62150f9e]" started-at="2024-02-20T13:23:22 IST" name="teardownReport" finished-at="2024-02-20T13:23:22 IST" duration-ms="290" status="PASS">
          <reporter-output>
          </reporter-output>
        </test-method> <!-- teardownReport -->
      </class> <!-- tests.SearchTest -->
    </test> <!-- Default test -->
  </suite> <!-- Default suite -->
</testng-results>
